<?xml version="1.0" encoding="UTF-8" ?>
<testsuites errors="3"
            failures="1"
            tests="6">

  <testsuite name="main_test"
    errors="3" failures="1" hostname="" id="" package="main_test" skipped="0"
    tests="6" time="255.8" timestamp="Mon, 28 Nov 2016 00:37:10 GMT">
  
    <testcase name="Assert Title" time="93.70" assertions="2">

    

    
    </testcase>
      <system-err>
        ERROR: Unable to locate element: &quot;div.masthead &gt; img&quot; using: css selector
    at command (/usr/local/lib/node_modules/nightwatch/lib/api/assertions/visible.js:42:21)
    at module.exports.BaseAssertion._scheduleAssertion (/usr/local/lib/node_modules/nightwatch/lib/core/assertion.js:87:17)
    at module.exports.BaseAssertion._executeCommand (/usr/local/lib/node_modules/nightwatch/lib/core/assertion.js:82:17)
    at AssertionInstance.commandFn [as _commandFn] (/usr/local/lib/node_modules/nightwatch/lib/core/assertion.js:180:21)
    at AsyncTree.runCommand (/usr/local/lib/node_modules/nightwatch/lib/core/queue.js:154:30)
    at AsyncTree.runChildNode (/usr/local/lib/node_modules/nightwatch/lib/core/queue.js:114:8)
    at AsyncTree.walkDown (/usr/local/lib/node_modules/nightwatch/lib/core/queue.js:80:10)
    at AsyncTree.walkUp (/usr/local/lib/node_modules/nightwatch/lib/core/queue.js:97:8)
    at AsyncTree.walkDown (/usr/local/lib/node_modules/nightwatch/lib/core/queue.js:90:12)
    at AsyncTree.traverse (/usr/local/lib/node_modules/nightwatch/lib/core/queue.js:73:8)
ERROR: Unable to locate element: &quot;span.promo_code&quot; using: css selector
    at command (/usr/local/lib/node_modules/nightwatch/lib/api/assertions/containsText.js:46:21)
    at module.exports.BaseAssertion._scheduleAssertion (/usr/local/lib/node_modules/nightwatch/lib/core/assertion.js:87:17)
    at module.exports.BaseAssertion._executeCommand (/usr/local/lib/node_modules/nightwatch/lib/core/assertion.js:82:17)
    at AssertionInstance.commandFn [as _commandFn] (/usr/local/lib/node_modules/nightwatch/lib/core/assertion.js:180:21)
    at AsyncTree.runCommand (/usr/local/lib/node_modules/nightwatch/lib/core/queue.js:154:30)
    at AsyncTree.runChildNode (/usr/local/lib/node_modules/nightwatch/lib/core/queue.js:114:8)
    at AsyncTree.walkDown (/usr/local/lib/node_modules/nightwatch/lib/core/queue.js:80:10)
    at AsyncTree.walkUp (/usr/local/lib/node_modules/nightwatch/lib/core/queue.js:97:8)
    at AsyncTree.walkDown (/usr/local/lib/node_modules/nightwatch/lib/core/queue.js:90:12)
    at AsyncTree.walkUp (/usr/local/lib/node_modules/nightwatch/lib/core/queue.js:97:8)
ERROR: Unable to locate element: &quot;span.h-promo&quot; using: css selector
    at command (/usr/local/lib/node_modules/nightwatch/lib/api/assertions/containsText.js:46:21)
    at module.exports.BaseAssertion._scheduleAssertion (/usr/local/lib/node_modules/nightwatch/lib/core/assertion.js:87:17)
    at module.exports.BaseAssertion._executeCommand (/usr/local/lib/node_modules/nightwatch/lib/core/assertion.js:82:17)
    at AssertionInstance.commandFn [as _commandFn] (/usr/local/lib/node_modules/nightwatch/lib/core/assertion.js:180:21)
    at AsyncTree.runCommand (/usr/local/lib/node_modules/nightwatch/lib/core/queue.js:154:30)
    at AsyncTree.runChildNode (/usr/local/lib/node_modules/nightwatch/lib/core/queue.js:114:8)
    at AsyncTree.walkDown (/usr/local/lib/node_modules/nightwatch/lib/core/queue.js:80:10)
    at AsyncTree.walkUp (/usr/local/lib/node_modules/nightwatch/lib/core/queue.js:97:8)
    at AsyncTree.walkDown (/usr/local/lib/node_modules/nightwatch/lib/core/queue.js:90:12)
    at AsyncTree.walkUp (/usr/local/lib/node_modules/nightwatch/lib/core/queue.js:97:8)
      </system-err>
  
    <testcase name="Check Header Contains DIRECTV Info" time="3.651" assertions="4">  <failure message="Testing if element &lt;div.masthead &gt; img&gt; is visible. Element could not be located.">    at Object.module.exports.Check Header Contains DIRECTV Info (/Users/maninthebox505/Documents/QAProject/tests/main_test.js:15:21)</failure>

      <failure message="Testing if element &lt;div.cta_header &gt; span&gt; contains text: &quot;1-844-783-8187&quot;.">    at Object.module.exports.Check Header Contains DIRECTV Info (/Users/maninthebox505/Documents/QAProject/tests/main_test.js:16:21)</failure>

      <failure message="Testing if element &lt;span.promo_code&gt; contains text: &quot;Use Code&quot;. Element could not be located.">    at Object.module.exports.Check Header Contains DIRECTV Info (/Users/maninthebox505/Documents/QAProject/tests/main_test.js:17:21)</failure>

      <failure message="Testing if element &lt;span.h-promo&gt; contains text: &quot;707-113&quot;. Element could not be located.">    at Object.module.exports.Check Header Contains DIRECTV Info (/Users/maninthebox505/Documents/QAProject/tests/main_test.js:18:21)</failure>

    
    </testcase>
      <system-err>
        ERROR: Unable to locate element: &quot;div.masthead &gt; img&quot; using: css selector
    at command (/usr/local/lib/node_modules/nightwatch/lib/api/assertions/visible.js:42:21)
    at module.exports.BaseAssertion._scheduleAssertion (/usr/local/lib/node_modules/nightwatch/lib/core/assertion.js:87:17)
    at module.exports.BaseAssertion._executeCommand (/usr/local/lib/node_modules/nightwatch/lib/core/assertion.js:82:17)
    at AssertionInstance.commandFn [as _commandFn] (/usr/local/lib/node_modules/nightwatch/lib/core/assertion.js:180:21)
    at AsyncTree.runCommand (/usr/local/lib/node_modules/nightwatch/lib/core/queue.js:154:30)
    at AsyncTree.runChildNode (/usr/local/lib/node_modules/nightwatch/lib/core/queue.js:114:8)
    at AsyncTree.walkDown (/usr/local/lib/node_modules/nightwatch/lib/core/queue.js:80:10)
    at AsyncTree.walkUp (/usr/local/lib/node_modules/nightwatch/lib/core/queue.js:97:8)
    at AsyncTree.walkDown (/usr/local/lib/node_modules/nightwatch/lib/core/queue.js:90:12)
    at AsyncTree.traverse (/usr/local/lib/node_modules/nightwatch/lib/core/queue.js:73:8)
ERROR: Unable to locate element: &quot;span.promo_code&quot; using: css selector
    at command (/usr/local/lib/node_modules/nightwatch/lib/api/assertions/containsText.js:46:21)
    at module.exports.BaseAssertion._scheduleAssertion (/usr/local/lib/node_modules/nightwatch/lib/core/assertion.js:87:17)
    at module.exports.BaseAssertion._executeCommand (/usr/local/lib/node_modules/nightwatch/lib/core/assertion.js:82:17)
    at AssertionInstance.commandFn [as _commandFn] (/usr/local/lib/node_modules/nightwatch/lib/core/assertion.js:180:21)
    at AsyncTree.runCommand (/usr/local/lib/node_modules/nightwatch/lib/core/queue.js:154:30)
    at AsyncTree.runChildNode (/usr/local/lib/node_modules/nightwatch/lib/core/queue.js:114:8)
    at AsyncTree.walkDown (/usr/local/lib/node_modules/nightwatch/lib/core/queue.js:80:10)
    at AsyncTree.walkUp (/usr/local/lib/node_modules/nightwatch/lib/core/queue.js:97:8)
    at AsyncTree.walkDown (/usr/local/lib/node_modules/nightwatch/lib/core/queue.js:90:12)
    at AsyncTree.walkUp (/usr/local/lib/node_modules/nightwatch/lib/core/queue.js:97:8)
ERROR: Unable to locate element: &quot;span.h-promo&quot; using: css selector
    at command (/usr/local/lib/node_modules/nightwatch/lib/api/assertions/containsText.js:46:21)
    at module.exports.BaseAssertion._scheduleAssertion (/usr/local/lib/node_modules/nightwatch/lib/core/assertion.js:87:17)
    at module.exports.BaseAssertion._executeCommand (/usr/local/lib/node_modules/nightwatch/lib/core/assertion.js:82:17)
    at AssertionInstance.commandFn [as _commandFn] (/usr/local/lib/node_modules/nightwatch/lib/core/assertion.js:180:21)
    at AsyncTree.runCommand (/usr/local/lib/node_modules/nightwatch/lib/core/queue.js:154:30)
    at AsyncTree.runChildNode (/usr/local/lib/node_modules/nightwatch/lib/core/queue.js:114:8)
    at AsyncTree.walkDown (/usr/local/lib/node_modules/nightwatch/lib/core/queue.js:80:10)
    at AsyncTree.walkUp (/usr/local/lib/node_modules/nightwatch/lib/core/queue.js:97:8)
    at AsyncTree.walkDown (/usr/local/lib/node_modules/nightwatch/lib/core/queue.js:90:12)
    at AsyncTree.walkUp (/usr/local/lib/node_modules/nightwatch/lib/core/queue.js:97:8)
      </system-err>
  
    <testcase name="Check Form Validation" time="5.181" assertions="1">

    
    </testcase>
      <system-err>
        ERROR: Unable to locate element: &quot;div.masthead &gt; img&quot; using: css selector
    at command (/usr/local/lib/node_modules/nightwatch/lib/api/assertions/visible.js:42:21)
    at module.exports.BaseAssertion._scheduleAssertion (/usr/local/lib/node_modules/nightwatch/lib/core/assertion.js:87:17)
    at module.exports.BaseAssertion._executeCommand (/usr/local/lib/node_modules/nightwatch/lib/core/assertion.js:82:17)
    at AssertionInstance.commandFn [as _commandFn] (/usr/local/lib/node_modules/nightwatch/lib/core/assertion.js:180:21)
    at AsyncTree.runCommand (/usr/local/lib/node_modules/nightwatch/lib/core/queue.js:154:30)
    at AsyncTree.runChildNode (/usr/local/lib/node_modules/nightwatch/lib/core/queue.js:114:8)
    at AsyncTree.walkDown (/usr/local/lib/node_modules/nightwatch/lib/core/queue.js:80:10)
    at AsyncTree.walkUp (/usr/local/lib/node_modules/nightwatch/lib/core/queue.js:97:8)
    at AsyncTree.walkDown (/usr/local/lib/node_modules/nightwatch/lib/core/queue.js:90:12)
    at AsyncTree.traverse (/usr/local/lib/node_modules/nightwatch/lib/core/queue.js:73:8)
ERROR: Unable to locate element: &quot;span.promo_code&quot; using: css selector
    at command (/usr/local/lib/node_modules/nightwatch/lib/api/assertions/containsText.js:46:21)
    at module.exports.BaseAssertion._scheduleAssertion (/usr/local/lib/node_modules/nightwatch/lib/core/assertion.js:87:17)
    at module.exports.BaseAssertion._executeCommand (/usr/local/lib/node_modules/nightwatch/lib/core/assertion.js:82:17)
    at AssertionInstance.commandFn [as _commandFn] (/usr/local/lib/node_modules/nightwatch/lib/core/assertion.js:180:21)
    at AsyncTree.runCommand (/usr/local/lib/node_modules/nightwatch/lib/core/queue.js:154:30)
    at AsyncTree.runChildNode (/usr/local/lib/node_modules/nightwatch/lib/core/queue.js:114:8)
    at AsyncTree.walkDown (/usr/local/lib/node_modules/nightwatch/lib/core/queue.js:80:10)
    at AsyncTree.walkUp (/usr/local/lib/node_modules/nightwatch/lib/core/queue.js:97:8)
    at AsyncTree.walkDown (/usr/local/lib/node_modules/nightwatch/lib/core/queue.js:90:12)
    at AsyncTree.walkUp (/usr/local/lib/node_modules/nightwatch/lib/core/queue.js:97:8)
ERROR: Unable to locate element: &quot;span.h-promo&quot; using: css selector
    at command (/usr/local/lib/node_modules/nightwatch/lib/api/assertions/containsText.js:46:21)
    at module.exports.BaseAssertion._scheduleAssertion (/usr/local/lib/node_modules/nightwatch/lib/core/assertion.js:87:17)
    at module.exports.BaseAssertion._executeCommand (/usr/local/lib/node_modules/nightwatch/lib/core/assertion.js:82:17)
    at AssertionInstance.commandFn [as _commandFn] (/usr/local/lib/node_modules/nightwatch/lib/core/assertion.js:180:21)
    at AsyncTree.runCommand (/usr/local/lib/node_modules/nightwatch/lib/core/queue.js:154:30)
    at AsyncTree.runChildNode (/usr/local/lib/node_modules/nightwatch/lib/core/queue.js:114:8)
    at AsyncTree.walkDown (/usr/local/lib/node_modules/nightwatch/lib/core/queue.js:80:10)
    at AsyncTree.walkUp (/usr/local/lib/node_modules/nightwatch/lib/core/queue.js:97:8)
    at AsyncTree.walkDown (/usr/local/lib/node_modules/nightwatch/lib/core/queue.js:90:12)
    at AsyncTree.walkUp (/usr/local/lib/node_modules/nightwatch/lib/core/queue.js:97:8)
      </system-err>
  
    <testcase name="Test Filled Out Form" time="75.40" assertions="6">

    

    

    

    

    

    
    </testcase>
      <system-err>
        ERROR: Unable to locate element: &quot;div.masthead &gt; img&quot; using: css selector
    at command (/usr/local/lib/node_modules/nightwatch/lib/api/assertions/visible.js:42:21)
    at module.exports.BaseAssertion._scheduleAssertion (/usr/local/lib/node_modules/nightwatch/lib/core/assertion.js:87:17)
    at module.exports.BaseAssertion._executeCommand (/usr/local/lib/node_modules/nightwatch/lib/core/assertion.js:82:17)
    at AssertionInstance.commandFn [as _commandFn] (/usr/local/lib/node_modules/nightwatch/lib/core/assertion.js:180:21)
    at AsyncTree.runCommand (/usr/local/lib/node_modules/nightwatch/lib/core/queue.js:154:30)
    at AsyncTree.runChildNode (/usr/local/lib/node_modules/nightwatch/lib/core/queue.js:114:8)
    at AsyncTree.walkDown (/usr/local/lib/node_modules/nightwatch/lib/core/queue.js:80:10)
    at AsyncTree.walkUp (/usr/local/lib/node_modules/nightwatch/lib/core/queue.js:97:8)
    at AsyncTree.walkDown (/usr/local/lib/node_modules/nightwatch/lib/core/queue.js:90:12)
    at AsyncTree.traverse (/usr/local/lib/node_modules/nightwatch/lib/core/queue.js:73:8)
ERROR: Unable to locate element: &quot;span.promo_code&quot; using: css selector
    at command (/usr/local/lib/node_modules/nightwatch/lib/api/assertions/containsText.js:46:21)
    at module.exports.BaseAssertion._scheduleAssertion (/usr/local/lib/node_modules/nightwatch/lib/core/assertion.js:87:17)
    at module.exports.BaseAssertion._executeCommand (/usr/local/lib/node_modules/nightwatch/lib/core/assertion.js:82:17)
    at AssertionInstance.commandFn [as _commandFn] (/usr/local/lib/node_modules/nightwatch/lib/core/assertion.js:180:21)
    at AsyncTree.runCommand (/usr/local/lib/node_modules/nightwatch/lib/core/queue.js:154:30)
    at AsyncTree.runChildNode (/usr/local/lib/node_modules/nightwatch/lib/core/queue.js:114:8)
    at AsyncTree.walkDown (/usr/local/lib/node_modules/nightwatch/lib/core/queue.js:80:10)
    at AsyncTree.walkUp (/usr/local/lib/node_modules/nightwatch/lib/core/queue.js:97:8)
    at AsyncTree.walkDown (/usr/local/lib/node_modules/nightwatch/lib/core/queue.js:90:12)
    at AsyncTree.walkUp (/usr/local/lib/node_modules/nightwatch/lib/core/queue.js:97:8)
ERROR: Unable to locate element: &quot;span.h-promo&quot; using: css selector
    at command (/usr/local/lib/node_modules/nightwatch/lib/api/assertions/containsText.js:46:21)
    at module.exports.BaseAssertion._scheduleAssertion (/usr/local/lib/node_modules/nightwatch/lib/core/assertion.js:87:17)
    at module.exports.BaseAssertion._executeCommand (/usr/local/lib/node_modules/nightwatch/lib/core/assertion.js:82:17)
    at AssertionInstance.commandFn [as _commandFn] (/usr/local/lib/node_modules/nightwatch/lib/core/assertion.js:180:21)
    at AsyncTree.runCommand (/usr/local/lib/node_modules/nightwatch/lib/core/queue.js:154:30)
    at AsyncTree.runChildNode (/usr/local/lib/node_modules/nightwatch/lib/core/queue.js:114:8)
    at AsyncTree.walkDown (/usr/local/lib/node_modules/nightwatch/lib/core/queue.js:80:10)
    at AsyncTree.walkUp (/usr/local/lib/node_modules/nightwatch/lib/core/queue.js:97:8)
    at AsyncTree.walkDown (/usr/local/lib/node_modules/nightwatch/lib/core/queue.js:90:12)
    at AsyncTree.walkUp (/usr/local/lib/node_modules/nightwatch/lib/core/queue.js:97:8)
      </system-err>
  
    <testcase name="Test Hover Links" time="44.72" assertions="0">
    </testcase>
      <system-err>
        ERROR: Unable to locate element: &quot;div.masthead &gt; img&quot; using: css selector
    at command (/usr/local/lib/node_modules/nightwatch/lib/api/assertions/visible.js:42:21)
    at module.exports.BaseAssertion._scheduleAssertion (/usr/local/lib/node_modules/nightwatch/lib/core/assertion.js:87:17)
    at module.exports.BaseAssertion._executeCommand (/usr/local/lib/node_modules/nightwatch/lib/core/assertion.js:82:17)
    at AssertionInstance.commandFn [as _commandFn] (/usr/local/lib/node_modules/nightwatch/lib/core/assertion.js:180:21)
    at AsyncTree.runCommand (/usr/local/lib/node_modules/nightwatch/lib/core/queue.js:154:30)
    at AsyncTree.runChildNode (/usr/local/lib/node_modules/nightwatch/lib/core/queue.js:114:8)
    at AsyncTree.walkDown (/usr/local/lib/node_modules/nightwatch/lib/core/queue.js:80:10)
    at AsyncTree.walkUp (/usr/local/lib/node_modules/nightwatch/lib/core/queue.js:97:8)
    at AsyncTree.walkDown (/usr/local/lib/node_modules/nightwatch/lib/core/queue.js:90:12)
    at AsyncTree.traverse (/usr/local/lib/node_modules/nightwatch/lib/core/queue.js:73:8)
ERROR: Unable to locate element: &quot;span.promo_code&quot; using: css selector
    at command (/usr/local/lib/node_modules/nightwatch/lib/api/assertions/containsText.js:46:21)
    at module.exports.BaseAssertion._scheduleAssertion (/usr/local/lib/node_modules/nightwatch/lib/core/assertion.js:87:17)
    at module.exports.BaseAssertion._executeCommand (/usr/local/lib/node_modules/nightwatch/lib/core/assertion.js:82:17)
    at AssertionInstance.commandFn [as _commandFn] (/usr/local/lib/node_modules/nightwatch/lib/core/assertion.js:180:21)
    at AsyncTree.runCommand (/usr/local/lib/node_modules/nightwatch/lib/core/queue.js:154:30)
    at AsyncTree.runChildNode (/usr/local/lib/node_modules/nightwatch/lib/core/queue.js:114:8)
    at AsyncTree.walkDown (/usr/local/lib/node_modules/nightwatch/lib/core/queue.js:80:10)
    at AsyncTree.walkUp (/usr/local/lib/node_modules/nightwatch/lib/core/queue.js:97:8)
    at AsyncTree.walkDown (/usr/local/lib/node_modules/nightwatch/lib/core/queue.js:90:12)
    at AsyncTree.walkUp (/usr/local/lib/node_modules/nightwatch/lib/core/queue.js:97:8)
ERROR: Unable to locate element: &quot;span.h-promo&quot; using: css selector
    at command (/usr/local/lib/node_modules/nightwatch/lib/api/assertions/containsText.js:46:21)
    at module.exports.BaseAssertion._scheduleAssertion (/usr/local/lib/node_modules/nightwatch/lib/core/assertion.js:87:17)
    at module.exports.BaseAssertion._executeCommand (/usr/local/lib/node_modules/nightwatch/lib/core/assertion.js:82:17)
    at AssertionInstance.commandFn [as _commandFn] (/usr/local/lib/node_modules/nightwatch/lib/core/assertion.js:180:21)
    at AsyncTree.runCommand (/usr/local/lib/node_modules/nightwatch/lib/core/queue.js:154:30)
    at AsyncTree.runChildNode (/usr/local/lib/node_modules/nightwatch/lib/core/queue.js:114:8)
    at AsyncTree.walkDown (/usr/local/lib/node_modules/nightwatch/lib/core/queue.js:80:10)
    at AsyncTree.walkUp (/usr/local/lib/node_modules/nightwatch/lib/core/queue.js:97:8)
    at AsyncTree.walkDown (/usr/local/lib/node_modules/nightwatch/lib/core/queue.js:90:12)
    at AsyncTree.walkUp (/usr/local/lib/node_modules/nightwatch/lib/core/queue.js:97:8)
      </system-err>
  
    <testcase name="Test Scrolling Header Feature" time="33.15" assertions="2">

    

    
    </testcase>
      <system-err>
        ERROR: Unable to locate element: &quot;div.masthead &gt; img&quot; using: css selector
    at command (/usr/local/lib/node_modules/nightwatch/lib/api/assertions/visible.js:42:21)
    at module.exports.BaseAssertion._scheduleAssertion (/usr/local/lib/node_modules/nightwatch/lib/core/assertion.js:87:17)
    at module.exports.BaseAssertion._executeCommand (/usr/local/lib/node_modules/nightwatch/lib/core/assertion.js:82:17)
    at AssertionInstance.commandFn [as _commandFn] (/usr/local/lib/node_modules/nightwatch/lib/core/assertion.js:180:21)
    at AsyncTree.runCommand (/usr/local/lib/node_modules/nightwatch/lib/core/queue.js:154:30)
    at AsyncTree.runChildNode (/usr/local/lib/node_modules/nightwatch/lib/core/queue.js:114:8)
    at AsyncTree.walkDown (/usr/local/lib/node_modules/nightwatch/lib/core/queue.js:80:10)
    at AsyncTree.walkUp (/usr/local/lib/node_modules/nightwatch/lib/core/queue.js:97:8)
    at AsyncTree.walkDown (/usr/local/lib/node_modules/nightwatch/lib/core/queue.js:90:12)
    at AsyncTree.traverse (/usr/local/lib/node_modules/nightwatch/lib/core/queue.js:73:8)
ERROR: Unable to locate element: &quot;span.promo_code&quot; using: css selector
    at command (/usr/local/lib/node_modules/nightwatch/lib/api/assertions/containsText.js:46:21)
    at module.exports.BaseAssertion._scheduleAssertion (/usr/local/lib/node_modules/nightwatch/lib/core/assertion.js:87:17)
    at module.exports.BaseAssertion._executeCommand (/usr/local/lib/node_modules/nightwatch/lib/core/assertion.js:82:17)
    at AssertionInstance.commandFn [as _commandFn] (/usr/local/lib/node_modules/nightwatch/lib/core/assertion.js:180:21)
    at AsyncTree.runCommand (/usr/local/lib/node_modules/nightwatch/lib/core/queue.js:154:30)
    at AsyncTree.runChildNode (/usr/local/lib/node_modules/nightwatch/lib/core/queue.js:114:8)
    at AsyncTree.walkDown (/usr/local/lib/node_modules/nightwatch/lib/core/queue.js:80:10)
    at AsyncTree.walkUp (/usr/local/lib/node_modules/nightwatch/lib/core/queue.js:97:8)
    at AsyncTree.walkDown (/usr/local/lib/node_modules/nightwatch/lib/core/queue.js:90:12)
    at AsyncTree.walkUp (/usr/local/lib/node_modules/nightwatch/lib/core/queue.js:97:8)
ERROR: Unable to locate element: &quot;span.h-promo&quot; using: css selector
    at command (/usr/local/lib/node_modules/nightwatch/lib/api/assertions/containsText.js:46:21)
    at module.exports.BaseAssertion._scheduleAssertion (/usr/local/lib/node_modules/nightwatch/lib/core/assertion.js:87:17)
    at module.exports.BaseAssertion._executeCommand (/usr/local/lib/node_modules/nightwatch/lib/core/assertion.js:82:17)
    at AssertionInstance.commandFn [as _commandFn] (/usr/local/lib/node_modules/nightwatch/lib/core/assertion.js:180:21)
    at AsyncTree.runCommand (/usr/local/lib/node_modules/nightwatch/lib/core/queue.js:154:30)
    at AsyncTree.runChildNode (/usr/local/lib/node_modules/nightwatch/lib/core/queue.js:114:8)
    at AsyncTree.walkDown (/usr/local/lib/node_modules/nightwatch/lib/core/queue.js:80:10)
    at AsyncTree.walkUp (/usr/local/lib/node_modules/nightwatch/lib/core/queue.js:97:8)
    at AsyncTree.walkDown (/usr/local/lib/node_modules/nightwatch/lib/core/queue.js:90:12)
    at AsyncTree.walkUp (/usr/local/lib/node_modules/nightwatch/lib/core/queue.js:97:8)
      </system-err>
  
  
  </testsuite>
</testsuites>
